#
# There is insufficient memory for the Java Runtime Environment to continue.
# Native memory allocation (mmap) failed to map 197132288 bytes for G1 virtual space
# Possible reasons:
#   The system is out of physical RAM or swap space
#   The process is running with CompressedOops enabled, and the Java Heap may be blocking the growth of the native heap
# Possible solutions:
#   Reduce memory load on the system
#   Increase physical memory or swap space
#   Check if swap backing store is full
#   Decrease Java heap size (-Xmx/-Xms)
#   Decrease number of Java threads
#   Decrease Java thread stack sizes (-Xss)
#   Set larger code cache with -XX:ReservedCodeCacheSize=
#   JVM is running with Zero Based Compressed Oops mode in which the Java heap is
#     placed in the first 32GB address space. The Java Heap base address is the
#     maximum limit for the native heap growth. Please use -XX:HeapBaseMinAddress
#     to set the Java Heap base and to place the Java Heap above 32GB virtual address.
# This output file may be truncated or incomplete.
#
#  Out of Memory Error (./open/src/hotspot/os/windows/os_windows.cpp:3472), pid=255388, tid=232280
#
# JRE version:  (15.0.1+9) (build )
# Java VM: Java HotSpot(TM) 64-Bit Server VM (15.0.1+9-18, mixed mode, sharing, tiered, compressed oops, g1 gc, windows-amd64)
# No core dump will be written. Minidumps are not enabled by default on client versions of Windows
#

---------------  S U M M A R Y ------------

Command Line: -ea -Dfile.encoding=UTF-8 -XX:+ShowCodeDetailsInExceptionMessages org.eclipse.jdt.internal.junit.runner.RemoteTestRunner -version 3 -port 52586 -testLoaderClass org.eclipse.jdt.internal.junit5.runner.JUnit5TestLoader -loaderpluginname org.eclipse.jdt.junit5.runtime -classNames com.skmisk.todolist.springmvc.UserControllerTest

Host: Intel(R) Core(TM) i3-10110U CPU @ 2.10GHz, 4 cores, 11G,  Windows 10 , 64 bit Build 18362 (10.0.18362.1110)
Time: Wed Jan 13 15:30:44 2021 China Standard Time elapsed time: 0.023104 seconds (0d 0h 0m 0s)

---------------  T H R E A D  ---------------

Current thread (0x0000022fdcb74fa0):  JavaThread "Unknown thread" [_thread_in_vm, id=232280, stack(0x000000dd9d700000,0x000000dd9d800000)]

Stack: [0x000000dd9d700000,0x000000dd9d800000]
Native frames: (J=compiled Java code, j=interpreted, Vv=VM code, C=native code)
V  [jvm.dll+0x62ae9a]
V  [jvm.dll+0x781389]
V  [jvm.dll+0x782ae3]
V  [jvm.dll+0x783143]
V  [jvm.dll+0x216265]
V  [jvm.dll+0x6281d9]
V  [jvm.dll+0x61cd15]
V  [jvm.dll+0x2d01fd]
V  [jvm.dll+0x2d0062]
V  [jvm.dll+0x2d603c]
V  [jvm.dll+0x325b2a]
V  [jvm.dll+0x3251f4]
V  [jvm.dll+0x2a717a]
V  [jvm.dll+0x2a8318]
V  [jvm.dll+0x75e101]
V  [jvm.dll+0x3343e4]
V  [jvm.dll+0x73e826]
V  [jvm.dll+0x3b7777]
V  [jvm.dll+0x3b9201]
C  [jli.dll+0x52fb]
C  [ucrtbase.dll+0x210b2]
C  [KERNEL32.DLL+0x17c24]
C  [ntdll.dll+0x6d4d1]


---------------  P R O C E S S  ---------------

Threads class SMR info:
_java_thread_list=0x00007ffb40ee4ff0, length=0, elements={
}

Java Threads: ( => current thread )

Other Threads:
  0x0000022fdcbb9e30 GCTaskThread "GC Thread#0" [stack: 0x000000dd9d800000,0x000000dd9d900000] [id=249592]
  0x0000022fdcbc6a20 ConcurrentGCThread "G1 Main Marker" [stack: 0x000000dd9d900000,0x000000dd9da00000] [id=251796]
  0x0000022fdcbc7520 ConcurrentGCThread "G1 Conc#0" [stack: 0x000000dd9da00000,0x000000dd9db00000] [id=255724]

[error occurred during error reporting (printing all threads), id 0xc0000005, EXCEPTION_ACCESS_VIOLATION (0xc0000005) at pc=0x00007ffb406d8047]

VM state: not at safepoint (not fully initialized)

VM Mutex/Monitor currently owned by a thread:  ([mutex/lock_event])
[0x0000022fdcb714e0] Heap_lock - owner thread: 0x0000022fdcb74fa0

Heap address: 0x0000000744600000, size: 3002 MB, Compressed Oops mode: Zero based, Oop shift amount: 3
CDS archive(s) mapped at: [0x0000000000000000-0x0000000000000000-0x0000000000000000), size 0, SharedBaseAddress: 0x0000000800000000, ArchiveRelocationMode: 0.
Narrow klass base: 0x0000000000000000, Narrow klass shift: 0, Narrow klass range: 0x0

Heap:
 garbage-first heap   total 192512K, used 0K [0x0000000744600000, 0x0000000800000000)
  region size 2048K, 0 young (0K), 0 survivors (0K)
 Metaspace       used 0K, capacity 0K, committed 0K, reserved 0K
  class space    used 0K, capacity 0K, committed 0K, reserved 0K

Heap Regions: E=young(eden), S=young(survivor), O=old, HS=humongous(starts), HC=humongous(continues), CS=collection set, F=free, OA=open archive, CA=closed archive, TAMS=top-at-mark-start (previous, next)

Card table byte_map: [0x0000022ff4370000,0x0000022ff4950000] _byte_map_base: 0x0000022ff094d000

Marking Bits (Prev, Next): (CMBitMap*) 0x0000022fdcbba530, (CMBitMap*) 0x0000022fdcbba570
 Prev Bits: [0x0000022ff4f30000, 0x0000022ff7e18000)
 Next Bits: [0x0000022ff7e20000, 0x0000022ffad08000)

GC Heap History (0 events):
No events

Deoptimization events (0 events):
No events

Classes unloaded (0 events):
No events

Classes redefined (0 events):
No events

Internal exceptions (0 events):
No events

Events (1 events):
Event: 0.014 Loaded shared library C:\Program Files\Java\jdk-15.0.1\bin\java.dll


Dynamic libraries:
0x00007ff6350c0000 - 0x00007ff6350cf000 	C:\Program Files\Java\jdk-15.0.1\bin\javaw.exe
0x00007ffb7afc0000 - 0x00007ffb7b1b0000 	C:\Windows\SYSTEM32\ntdll.dll
0x00007ffb79800000 - 0x00007ffb798b2000 	C:\Windows\System32\KERNEL32.DLL
0x00007ffb78220000 - 0x00007ffb784c5000 	C:\Windows\System32\KERNELBASE.dll
0x00007ffb78120000 - 0x00007ffb7821a000 	C:\Windows\System32\ucrtbase.dll
0x00007ffb5dd30000 - 0x00007ffb5dd48000 	C:\Program Files\Java\jdk-15.0.1\bin\jli.dll
0x00007ffb79070000 - 0x00007ffb79113000 	C:\Windows\System32\ADVAPI32.dll
0x00007ffb795e0000 - 0x00007ffb7967e000 	C:\Windows\System32\msvcrt.dll
0x00007ffb7a3b0000 - 0x00007ffb7a447000 	C:\Windows\System32\sechost.dll
0x00007ffb7a5b0000 - 0x00007ffb7a6d0000 	C:\Windows\System32\RPCRT4.dll
0x00007ffb79230000 - 0x00007ffb793c4000 	C:\Windows\System32\USER32.dll
0x00007ffb785c0000 - 0x00007ffb785e1000 	C:\Windows\System32\win32u.dll
0x00007ffb795b0000 - 0x00007ffb795d6000 	C:\Windows\System32\GDI32.dll
0x00007ffb78e80000 - 0x00007ffb79016000 	C:\Windows\System32\gdi32full.dll
0x00007ffb78080000 - 0x00007ffb7811e000 	C:\Windows\System32\msvcp_win.dll
0x00007ffb5c320000 - 0x00007ffb5c339000 	C:\Program Files\Java\jdk-15.0.1\bin\VCRUNTIME140.dll
0x00007ffb61e20000 - 0x00007ffb620a4000 	C:\Windows\WinSxS\amd64_microsoft.windows.common-controls_6595b64144ccf1df_6.0.18362.1256_none_9e7e379be45e40e2\COMCTL32.dll
0x00007ffb7ac40000 - 0x00007ffb7af76000 	C:\Windows\System32\combase.dll
0x00007ffb784d0000 - 0x00007ffb78551000 	C:\Windows\System32\bcryptPrimitives.dll
0x00007ffb72840000 - 0x00007ffb7284a000 	C:\Windows\SYSTEM32\VERSION.dll
0x00007ffb7a6d0000 - 0x00007ffb7a6fe000 	C:\Windows\System32\IMM32.DLL
0x00007ffb71f90000 - 0x00007ffb71f9c000 	C:\Program Files\Java\jdk-15.0.1\bin\vcruntime140_1.dll
0x00007ffb53ab0000 - 0x00007ffb53b41000 	C:\Program Files\Java\jdk-15.0.1\bin\msvcp140.dll
0x00007ffb40420000 - 0x00007ffb40f7e000 	C:\Program Files\Java\jdk-15.0.1\bin\server\jvm.dll
0x00007ffb7a4c0000 - 0x00007ffb7a4c8000 	C:\Windows\System32\PSAPI.DLL
0x00007ffb6a160000 - 0x00007ffb6a169000 	C:\Windows\SYSTEM32\WSOCK32.dll
0x00007ffb7a450000 - 0x00007ffb7a4bf000 	C:\Windows\System32\WS2_32.dll
0x00007ffb759d0000 - 0x00007ffb759f4000 	C:\Windows\SYSTEM32\WINMM.dll
0x00007ffb759a0000 - 0x00007ffb759cd000 	C:\Windows\SYSTEM32\WINMMBASE.dll
0x00007ffb79020000 - 0x00007ffb7906a000 	C:\Windows\System32\cfgmgr32.dll
0x00007ffb77f10000 - 0x00007ffb77f21000 	C:\Windows\System32\kernel.appcore.dll
0x00007ffb68b60000 - 0x00007ffb68b6a000 	C:\Program Files\Java\jdk-15.0.1\bin\jimage.dll
0x00007ffb65d10000 - 0x00007ffb65f04000 	C:\Windows\SYSTEM32\DBGHELP.DLL
0x00007ffb65cd0000 - 0x00007ffb65cfa000 	C:\Windows\SYSTEM32\dbgcore.DLL
0x00007ffb53180000 - 0x00007ffb531a5000 	C:\Program Files\Java\jdk-15.0.1\bin\java.dll

dbghelp: loaded successfully - version: 4.0.5 - missing functions: none
symbol engine: initialized successfully - sym options: 0x614 - pdb path: .;C:\Program Files\Java\jdk-15.0.1\bin;C:\Windows\SYSTEM32;C:\Windows\WinSxS\amd64_microsoft.windows.common-controls_6595b64144ccf1df_6.0.18362.1256_none_9e7e379be45e40e2;C:\Program Files\Java\jdk-15.0.1\bin\server

VM Arguments:
jvm_args: -ea -Dfile.encoding=UTF-8 -XX:+ShowCodeDetailsInExceptionMessages 
java_command: org.eclipse.jdt.internal.junit.runner.RemoteTestRunner -version 3 -port 52586 -testLoaderClass org.eclipse.jdt.internal.junit5.runner.JUnit5TestLoader -loaderpluginname org.eclipse.jdt.junit5.runtime -classNames com.skmisk.todolist.springmvc.UserControllerTest
java_class_path (initial): C:\Users\jiany\eclipse-workspace-1.1\TodolistSSM\build\classes;C:\Program Files\apache-tomcat-8.5.61\lib\annotations-api.jar;C:\Program Files\apache-tomcat-8.5.61\lib\catalina-ant.jar;C:\Program Files\apache-tomcat-8.5.61\lib\catalina-ha.jar;C:\Program Files\apache-tomcat-8.5.61\lib\catalina-storeconfig.jar;C:\Program Files\apache-tomcat-8.5.61\lib\catalina-tribes.jar;C:\Program Files\apache-tomcat-8.5.61\lib\catalina.jar;C:\Program Files\apache-tomcat-8.5.61\lib\ecj-4.6.3.jar;C:\Program Files\apache-tomcat-8.5.61\lib\el-api.jar;C:\Program Files\apache-tomcat-8.5.61\lib\jasper-el.jar;C:\Program Files\apache-tomcat-8.5.61\lib\jasper.jar;C:\Program Files\apache-tomcat-8.5.61\lib\jaspic-api.jar;C:\Program Files\apache-tomcat-8.5.61\lib\jsp-api.jar;C:\Program Files\apache-tomcat-8.5.61\lib\servlet-api.jar;C:\Program Files\apache-tomcat-8.5.61\lib\tomcat-api.jar;C:\Program Files\apache-tomcat-8.5.61\lib\tomcat-coyote.jar;C:\Program Files\apache-tomcat-8.5.61\lib\tomcat-dbcp.jar;C:\Program Files\apache-tomcat-8.5.61\lib\tomcat-i18n-de.jar;C:\Program Files\apache-tomcat-8.5.61\lib\tomcat-i18n-es.jar;C:\Program Files\apache-tomcat-8.5.61\lib\tomcat-i18n-fr.jar;C:\Program Files\apache-tomcat-8.5.61\lib\tomcat-i18n-ja.jar;C:\Program Files\apache-tomcat-8.5.61\lib\tomcat-i18n-ko.jar;C:\Program Files\apache-tomcat-8.5.61\lib\tomcat-i18n-ru.jar;C:\Program Files\apache-tomcat-8.5.61\lib\tomcat-i18n-zh-CN.jar;C:\Program Files\apache-tomcat-8.5.61\lib\tomcat-jdbc.jar;C:\Program Files\apache-tomcat-8.5.61\lib\tomcat-jni.jar;C:\Program Files\apache-tomcat-8.5.61\lib\tomcat-util-scan.jar;C:\Program Files\apache-tomcat-8.5.61\lib\tomcat-util.jar;C:\Program Files\apache-tomcat-8.5.61\lib\tomcat-websocket.jar;C:\Program Files\apache-tomcat-8.5.61\lib\websocket-api.jar;C:\Users\jiany\eclipse-workspace-1.1\TodolistSSM\WebContent\WEB-INF\lib\commons-dbcp2-2.8.0.jar;C:\Users\jiany\eclipse-workspace-1.1\TodolistSSM\WebContent\WEB-INF\lib\commons-logging-1.1.1.jar;
Launcher Type: SUN_STANDARD

[Global flags]
     intx CICompilerCount                          = 3                                         {product} {ergonomic}
     uint ConcGCThreads                            = 1                                         {product} {ergonomic}
     uint G1ConcRefinementThreads                  = 4                                         {product} {ergonomic}
   size_t G1HeapRegionSize                         = 2097152                                   {product} {ergonomic}
    uintx GCDrainStackTargetSize                   = 64                                        {product} {ergonomic}
   size_t InitialHeapSize                          = 197132288                                 {product} {ergonomic}
   size_t MarkStackSize                            = 4194304                                   {product} {ergonomic}
   size_t MaxHeapSize                              = 3147825152                                {product} {ergonomic}
   size_t MinHeapDeltaBytes                        = 2097152                                   {product} {ergonomic}
   size_t MinHeapSize                              = 8388608                                   {product} {ergonomic}
    uintx NonNMethodCodeHeapSize                   = 5832780                                {pd product} {ergonomic}
    uintx NonProfiledCodeHeapSize                  = 122912730                              {pd product} {ergonomic}
    uintx ProfiledCodeHeapSize                     = 122912730                              {pd product} {ergonomic}
    uintx ReservedCodeCacheSize                    = 251658240                              {pd product} {ergonomic}
     bool SegmentedCodeCache                       = true                                      {product} {ergonomic}
     bool ShowCodeDetailsInExceptionMessages       = true                                   {manageable} {command line}
   size_t SoftMaxHeapSize                          = 3147825152                             {manageable} {ergonomic}
     bool UseCompressedClassPointers               = true                                 {lp64_product} {ergonomic}
     bool UseCompressedOops                        = true                                 {lp64_product} {ergonomic}
     bool UseG1GC                                  = true                                      {product} {ergonomic}
     bool UseLargePagesIndividualAllocation        = false                                  {pd product} {ergonomic}

Logging:
Log output configuration:
 #0: stdout all=warning uptime,level,tags
 #1: stderr all=off uptime,level,tags

Environment Variables:
JAVA_HOME=C:\Program Files\Java\jdk-15.0.1
PATH=C:\Program Files\Common Files\Oracle\Java\javapath;C:\Windows\system32;C:\Windows;C:\Windows\System32\Wbem;C:\Windows\System32\WindowsPowerShell\v1.0\;C:\Windows\System32\OpenSSH\;C:\Program Files\PuTTY\;C:\Program Files\MySQL\MySQL Shell 8.0\bin\;C:\Users\jiany\AppData\Local\Microsoft\WindowsApps;C:\Users\jiany\AppData\Roaming\????\6.5.2.1;C:\Program Files\Java\jdk-15.0.1\bin;
USERNAME=jiany
OS=Windows_NT
PROCESSOR_IDENTIFIER=Intel64 Family 6 Model 142 Stepping 12, GenuineIntel



---------------  S Y S T E M  ---------------

OS:
 Windows 10 , 64 bit Build 18362 (10.0.18362.1110)
OS uptime: 3 days 22:54 hours

CPU: total 4 (initial active 4) (2 cores per cpu, 2 threads per core) family 6 model 142 stepping 12 microcode 0xc0, cmov, cx8, fxsr, mmx, sse, sse2, sse3, ssse3, sse4.1, sse4.2, popcnt, vzeroupper, avx, avx2, aes, clmul, erms, 3dnowpref, lzcnt, ht, tsc, tscinvbit, bmi1, bmi2, adx, fma, clflush, clflushopt

Memory: 4k page, system-wide physical 12005M (2276M free)
TotalPageFile size 16749M (AvailPageFile size 91M)
current process WorkingSet (physical memory assigned to process): 10M, peak: 10M
current process commit charge ("private bytes"): 52M, peak: 239M

vm_info: Java HotSpot(TM) 64-Bit Server VM (15.0.1+9-18) for windows-amd64 JRE (15.0.1+9-18), built on Sep 15 2020 14:43:54 by "mach5one" with unknown MS VC++:1925

END.
